<?xml version="1.0" encoding="UTF-8"?>
<testsuite xmlns:xsi="http://www.w3.org/2001/XMLSchema-instance" xsi:noNamespaceSchemaLocation="https://maven.apache.org/surefire/maven-surefire-plugin/xsd/surefire-test-report-3.0.xsd" version="3.0" name="com.visualpathit.account.controllerTest.UserControllerTest" time="5.382" tests="6" errors="0" skipped="0" failures="0">
  <properties>
    <property name="sun.desktop" value="gnome"/>
    <property name="awt.toolkit" value="sun.awt.X11.XToolkit"/>
    <property name="file.encoding.pkg" value="sun.io"/>
    <property name="java.specification.version" value="1.8"/>
    <property name="sun.cpu.isalist" value=""/>
    <property name="sun.jnu.encoding" value="UTF-8"/>
    <property name="java.class.path" value="/home/jonasrodrigues/repos/vprofile-project/target/test-classes:/home/jonasrodrigues/repos/vprofile-project/target/classes:/home/jonasrodrigues/.m2/repository/org/springframework/spring-web/4.2.0.RELEASE/spring-web-4.2.0.RELEASE.jar:/home/jonasrodrigues/.m2/repository/org/springframework/spring-aop/4.2.0.RELEASE/spring-aop-4.2.0.RELEASE.jar:/home/jonasrodrigues/.m2/repository/org/springframework/spring-beans/4.2.0.RELEASE/spring-beans-4.2.0.RELEASE.jar:/home/jonasrodrigues/.m2/repository/org/springframework/spring-context/4.2.0.RELEASE/spring-context-4.2.0.RELEASE.jar:/home/jonasrodrigues/.m2/repository/org/springframework/spring-core/4.2.0.RELEASE/spring-core-4.2.0.RELEASE.jar:/home/jonasrodrigues/.m2/repository/commons-logging/commons-logging/1.2/commons-logging-1.2.jar:/home/jonasrodrigues/.m2/repository/org/springframework/spring-webmvc/4.2.0.RELEASE/spring-webmvc-4.2.0.RELEASE.jar:/home/jonasrodrigues/.m2/repository/org/springframework/spring-expression/4.2.0.RELEASE/spring-expression-4.2.0.RELEASE.jar:/home/jonasrodrigues/.m2/repository/org/springframework/security/spring-security-web/4.0.2.RELEASE/spring-security-web-4.0.2.RELEASE.jar:/home/jonasrodrigues/.m2/repository/aopalliance/aopalliance/1.0/aopalliance-1.0.jar:/home/jonasrodrigues/.m2/repository/org/springframework/security/spring-security-core/4.0.2.RELEASE/spring-security-core-4.0.2.RELEASE.jar:/home/jonasrodrigues/.m2/repository/org/springframework/security/spring-security-config/4.0.2.RELEASE/spring-security-config-4.0.2.RELEASE.jar:/home/jonasrodrigues/.m2/repository/org/hibernate/hibernate-validator/5.2.1.Final/hibernate-validator-5.2.1.Final.jar:/home/jonasrodrigues/.m2/repository/javax/validation/validation-api/1.1.0.Final/validation-api-1.1.0.Final.jar:/home/jonasrodrigues/.m2/repository/org/jboss/logging/jboss-logging/3.2.1.Final/jboss-logging-3.2.1.Final.jar:/home/jonasrodrigues/.m2/repository/com/fasterxml/classmate/1.1.0/classmate-1.1.0.jar:/home/jonasrodrigues/.m2/repository/org/springframework/data/spring-data-jpa/1.8.2.RELEASE/spring-data-jpa-1.8.2.RELEASE.jar:/home/jonasrodrigues/.m2/repository/org/springframework/data/spring-data-commons/1.10.2.RELEASE/spring-data-commons-1.10.2.RELEASE.jar:/home/jonasrodrigues/.m2/repository/org/springframework/spring-orm/4.0.9.RELEASE/spring-orm-4.0.9.RELEASE.jar:/home/jonasrodrigues/.m2/repository/org/springframework/spring-jdbc/4.0.9.RELEASE/spring-jdbc-4.0.9.RELEASE.jar:/home/jonasrodrigues/.m2/repository/org/springframework/spring-tx/4.0.9.RELEASE/spring-tx-4.0.9.RELEASE.jar:/home/jonasrodrigues/.m2/repository/org/aspectj/aspectjrt/1.8.6/aspectjrt-1.8.6.jar:/home/jonasrodrigues/.m2/repository/org/slf4j/slf4j-api/1.7.12/slf4j-api-1.7.12.jar:/home/jonasrodrigues/.m2/repository/org/slf4j/jcl-over-slf4j/1.7.12/jcl-over-slf4j-1.7.12.jar:/home/jonasrodrigues/.m2/repository/org/hibernate/hibernate-entitymanager/4.3.11.Final/hibernate-entitymanager-4.3.11.Final.jar:/home/jonasrodrigues/.m2/repository/org/jboss/logging/jboss-logging-annotations/1.2.0.Beta1/jboss-logging-annotations-1.2.0.Beta1.jar:/home/jonasrodrigues/.m2/repository/org/hibernate/hibernate-core/4.3.11.Final/hibernate-core-4.3.11.Final.jar:/home/jonasrodrigues/.m2/repository/antlr/antlr/2.7.7/antlr-2.7.7.jar:/home/jonasrodrigues/.m2/repository/org/jboss/jandex/1.1.0.Final/jandex-1.1.0.Final.jar:/home/jonasrodrigues/.m2/repository/dom4j/dom4j/1.6.1/dom4j-1.6.1.jar:/home/jonasrodrigues/.m2/repository/xml-apis/xml-apis/1.0.b2/xml-apis-1.0.b2.jar:/home/jonasrodrigues/.m2/repository/org/hibernate/common/hibernate-commons-annotations/4.0.5.Final/hibernate-commons-annotations-4.0.5.Final.jar:/home/jonasrodrigues/.m2/repository/org/hibernate/javax/persistence/hibernate-jpa-2.1-api/1.0.0.Final/hibernate-jpa-2.1-api-1.0.0.Final.jar:/home/jonasrodrigues/.m2/repository/org/jboss/spec/javax/transaction/jboss-transaction-api_1.2_spec/1.0.0.Final/jboss-transaction-api_1.2_spec-1.0.0.Final.jar:/home/jonasrodrigues/.m2/repository/org/javassist/javassist/3.18.1-GA/javassist-3.18.1-GA.jar:/home/jonasrodrigues/.m2/repository/mysql/mysql-connector-java/5.1.36/mysql-connector-java-5.1.36.jar:/home/jonasrodrigues/.m2/repository/commons-dbcp/commons-dbcp/1.4/commons-dbcp-1.4.jar:/home/jonasrodrigues/.m2/repository/commons-pool/commons-pool/1.5.4/commons-pool-1.5.4.jar:/home/jonasrodrigues/.m2/repository/javax/servlet/jstl/1.2/jstl-1.2.jar:/home/jonasrodrigues/.m2/repository/junit/junit/4.10/junit-4.10.jar:/home/jonasrodrigues/.m2/repository/org/hamcrest/hamcrest-core/1.1/hamcrest-core-1.1.jar:/home/jonasrodrigues/.m2/repository/org/mockito/mockito-core/1.9.5/mockito-core-1.9.5.jar:/home/jonasrodrigues/.m2/repository/org/objenesis/objenesis/1.0/objenesis-1.0.jar:/home/jonasrodrigues/.m2/repository/org/springframework/spring-test/3.2.3.RELEASE/spring-test-3.2.3.RELEASE.jar:/home/jonasrodrigues/.m2/repository/javax/servlet/javax.servlet-api/3.1.0/javax.servlet-api-3.1.0.jar:/home/jonasrodrigues/.m2/repository/ch/qos/logback/logback-classic/1.1.3/logback-classic-1.1.3.jar:/home/jonasrodrigues/.m2/repository/ch/qos/logback/logback-core/1.1.3/logback-core-1.1.3.jar:/home/jonasrodrigues/.m2/repository/org/hamcrest/hamcrest-all/1.3/hamcrest-all-1.3.jar:/home/jonasrodrigues/.m2/repository/commons-fileupload/commons-fileupload/1.3.1/commons-fileupload-1.3.1.jar:/home/jonasrodrigues/.m2/repository/net/spy/spymemcached/2.12.3/spymemcached-2.12.3.jar:/home/jonasrodrigues/.m2/repository/commons-io/commons-io/2.4/commons-io-2.4.jar:/home/jonasrodrigues/.m2/repository/org/springframework/amqp/spring-rabbit/1.7.1.RELEASE/spring-rabbit-1.7.1.RELEASE.jar:/home/jonasrodrigues/.m2/repository/org/springframework/spring-messaging/4.3.7.RELEASE/spring-messaging-4.3.7.RELEASE.jar:/home/jonasrodrigues/.m2/repository/org/springframework/amqp/spring-amqp/1.7.1.RELEASE/spring-amqp-1.7.1.RELEASE.jar:/home/jonasrodrigues/.m2/repository/com/rabbitmq/http-client/1.1.1.RELEASE/http-client-1.1.1.RELEASE.jar:/home/jonasrodrigues/.m2/repository/org/apache/httpcomponents/httpclient/4.3.6/httpclient-4.3.6.jar:/home/jonasrodrigues/.m2/repository/org/apache/httpcomponents/httpcore/4.3.3/httpcore-4.3.3.jar:/home/jonasrodrigues/.m2/repository/commons-codec/commons-codec/1.6/commons-codec-1.6.jar:/home/jonasrodrigues/.m2/repository/com/fasterxml/jackson/core/jackson-databind/2.8.4/jackson-databind-2.8.4.jar:/home/jonasrodrigues/.m2/repository/com/fasterxml/jackson/core/jackson-annotations/2.8.0/jackson-annotations-2.8.0.jar:/home/jonasrodrigues/.m2/repository/org/springframework/retry/spring-retry/1.2.0.RELEASE/spring-retry-1.2.0.RELEASE.jar:/home/jonasrodrigues/.m2/repository/com/rabbitmq/amqp-client/4.0.2/amqp-client-4.0.2.jar:/home/jonasrodrigues/.m2/repository/org/elasticsearch/elasticsearch/5.6.4/elasticsearch-5.6.4.jar:/home/jonasrodrigues/.m2/repository/org/apache/lucene/lucene-core/6.6.1/lucene-core-6.6.1.jar:/home/jonasrodrigues/.m2/repository/org/apache/lucene/lucene-analyzers-common/6.6.1/lucene-analyzers-common-6.6.1.jar:/home/jonasrodrigues/.m2/repository/org/apache/lucene/lucene-backward-codecs/6.6.1/lucene-backward-codecs-6.6.1.jar:/home/jonasrodrigues/.m2/repository/org/apache/lucene/lucene-grouping/6.6.1/lucene-grouping-6.6.1.jar:/home/jonasrodrigues/.m2/repository/org/apache/lucene/lucene-highlighter/6.6.1/lucene-highlighter-6.6.1.jar:/home/jonasrodrigues/.m2/repository/org/apache/lucene/lucene-join/6.6.1/lucene-join-6.6.1.jar:/home/jonasrodrigues/.m2/repository/org/apache/lucene/lucene-memory/6.6.1/lucene-memory-6.6.1.jar:/home/jonasrodrigues/.m2/repository/org/apache/lucene/lucene-misc/6.6.1/lucene-misc-6.6.1.jar:/home/jonasrodrigues/.m2/repository/org/apache/lucene/lucene-queries/6.6.1/lucene-queries-6.6.1.jar:/home/jonasrodrigues/.m2/repository/org/apache/lucene/lucene-queryparser/6.6.1/lucene-queryparser-6.6.1.jar:/home/jonasrodrigues/.m2/repository/org/apache/lucene/lucene-sandbox/6.6.1/lucene-sandbox-6.6.1.jar:/home/jonasrodrigues/.m2/repository/org/apache/lucene/lucene-spatial/6.6.1/lucene-spatial-6.6.1.jar:/home/jonasrodrigues/.m2/repository/org/apache/lucene/lucene-spatial-extras/6.6.1/lucene-spatial-extras-6.6.1.jar:/home/jonasrodrigues/.m2/repository/org/apache/lucene/lucene-spatial3d/6.6.1/lucene-spatial3d-6.6.1.jar:/home/jonasrodrigues/.m2/repository/org/apache/lucene/lucene-suggest/6.6.1/lucene-suggest-6.6.1.jar:/home/jonasrodrigues/.m2/repository/org/elasticsearch/securesm/1.1/securesm-1.1.jar:/home/jonasrodrigues/.m2/repository/net/sf/jopt-simple/jopt-simple/5.0.2/jopt-simple-5.0.2.jar:/home/jonasrodrigues/.m2/repository/com/carrotsearch/hppc/0.7.1/hppc-0.7.1.jar:/home/jonasrodrigues/.m2/repository/joda-time/joda-time/2.9.5/joda-time-2.9.5.jar:/home/jonasrodrigues/.m2/repository/org/yaml/snakeyaml/1.15/snakeyaml-1.15.jar:/home/jonasrodrigues/.m2/repository/com/fasterxml/jackson/core/jackson-core/2.8.6/jackson-core-2.8.6.jar:/home/jonasrodrigues/.m2/repository/com/fasterxml/jackson/dataformat/jackson-dataformat-smile/2.8.6/jackson-dataformat-smile-2.8.6.jar:/home/jonasrodrigues/.m2/repository/com/fasterxml/jackson/dataformat/jackson-dataformat-yaml/2.8.6/jackson-dataformat-yaml-2.8.6.jar:/home/jonasrodrigues/.m2/repository/com/fasterxml/jackson/dataformat/jackson-dataformat-cbor/2.8.6/jackson-dataformat-cbor-2.8.6.jar:/home/jonasrodrigues/.m2/repository/com/tdunning/t-digest/3.0/t-digest-3.0.jar:/home/jonasrodrigues/.m2/repository/org/hdrhistogram/HdrHistogram/2.1.9/HdrHistogram-2.1.9.jar:/home/jonasrodrigues/.m2/repository/org/apache/logging/log4j/log4j-api/2.9.1/log4j-api-2.9.1.jar:/home/jonasrodrigues/.m2/repository/org/elasticsearch/jna/4.4.0-1/jna-4.4.0-1.jar:/home/jonasrodrigues/.m2/repository/org/elasticsearch/client/transport/5.6.4/transport-5.6.4.jar:/home/jonasrodrigues/.m2/repository/org/elasticsearch/plugin/transport-netty3-client/5.6.4/transport-netty3-client-5.6.4.jar:/home/jonasrodrigues/.m2/repository/io/netty/netty/3.10.6.Final/netty-3.10.6.Final.jar:/home/jonasrodrigues/.m2/repository/org/elasticsearch/plugin/transport-netty4-client/5.6.4/transport-netty4-client-5.6.4.jar:/home/jonasrodrigues/.m2/repository/io/netty/netty-buffer/4.1.13.Final/netty-buffer-4.1.13.Final.jar:/home/jonasrodrigues/.m2/repository/io/netty/netty-codec/4.1.13.Final/netty-codec-4.1.13.Final.jar:/home/jonasrodrigues/.m2/repository/io/netty/netty-codec-http/4.1.13.Final/netty-codec-http-4.1.13.Final.jar:/home/jonasrodrigues/.m2/repository/io/netty/netty-common/4.1.13.Final/netty-common-4.1.13.Final.jar:/home/jonasrodrigues/.m2/repository/io/netty/netty-handler/4.1.13.Final/netty-handler-4.1.13.Final.jar:/home/jonasrodrigues/.m2/repository/io/netty/netty-resolver/4.1.13.Final/netty-resolver-4.1.13.Final.jar:/home/jonasrodrigues/.m2/repository/io/netty/netty-transport/4.1.13.Final/netty-transport-4.1.13.Final.jar:/home/jonasrodrigues/.m2/repository/org/elasticsearch/plugin/reindex-client/5.6.4/reindex-client-5.6.4.jar:/home/jonasrodrigues/.m2/repository/org/elasticsearch/client/elasticsearch-rest-client/5.6.4/elasticsearch-rest-client-5.6.4.jar:/home/jonasrodrigues/.m2/repository/org/apache/httpcomponents/httpasyncclient/4.1.2/httpasyncclient-4.1.2.jar:/home/jonasrodrigues/.m2/repository/org/apache/httpcomponents/httpcore-nio/4.4.5/httpcore-nio-4.4.5.jar:/home/jonasrodrigues/.m2/repository/org/elasticsearch/plugin/lang-mustache-client/5.6.4/lang-mustache-client-5.6.4.jar:/home/jonasrodrigues/.m2/repository/com/github/spullara/mustache/java/compiler/0.9.3/compiler-0.9.3.jar:/home/jonasrodrigues/.m2/repository/org/elasticsearch/plugin/percolator-client/5.6.4/percolator-client-5.6.4.jar:/home/jonasrodrigues/.m2/repository/org/elasticsearch/plugin/parent-join-client/5.6.4/parent-join-client-5.6.4.jar:/home/jonasrodrigues/.m2/repository/com/google/code/gson/gson/2.8.2/gson-2.8.2.jar:"/>
    <property name="java.vm.vendor" value="Private Build"/>
    <property name="sun.arch.data.model" value="64"/>
    <property name="java.vendor.url" value="http://java.oracle.com/"/>
    <property name="user.timezone" value=""/>
    <property name="java.vm.specification.version" value="1.8"/>
    <property name="os.name" value="Linux"/>
    <property name="user.country" value="BR"/>
    <property name="sun.java.launcher" value="SUN_STANDARD"/>
    <property name="sun.boot.library.path" value="/usr/lib/jvm/java-8-openjdk-amd64/jre/lib/amd64"/>
    <property name="sun.java.command" value="/home/jonasrodrigues/repos/vprofile-project/target/surefire/surefirebooter1083178456474753836.jar /home/jonasrodrigues/repos/vprofile-project/target/surefire 2023-01-31T10-41-52_338-jvmRun1 surefire2053338523094172685tmp surefire_0553544844353853735tmp"/>
    <property name="surefire.test.class.path" value="/home/jonasrodrigues/repos/vprofile-project/target/test-classes:/home/jonasrodrigues/repos/vprofile-project/target/classes:/home/jonasrodrigues/.m2/repository/org/springframework/spring-web/4.2.0.RELEASE/spring-web-4.2.0.RELEASE.jar:/home/jonasrodrigues/.m2/repository/org/springframework/spring-aop/4.2.0.RELEASE/spring-aop-4.2.0.RELEASE.jar:/home/jonasrodrigues/.m2/repository/org/springframework/spring-beans/4.2.0.RELEASE/spring-beans-4.2.0.RELEASE.jar:/home/jonasrodrigues/.m2/repository/org/springframework/spring-context/4.2.0.RELEASE/spring-context-4.2.0.RELEASE.jar:/home/jonasrodrigues/.m2/repository/org/springframework/spring-core/4.2.0.RELEASE/spring-core-4.2.0.RELEASE.jar:/home/jonasrodrigues/.m2/repository/commons-logging/commons-logging/1.2/commons-logging-1.2.jar:/home/jonasrodrigues/.m2/repository/org/springframework/spring-webmvc/4.2.0.RELEASE/spring-webmvc-4.2.0.RELEASE.jar:/home/jonasrodrigues/.m2/repository/org/springframework/spring-expression/4.2.0.RELEASE/spring-expression-4.2.0.RELEASE.jar:/home/jonasrodrigues/.m2/repository/org/springframework/security/spring-security-web/4.0.2.RELEASE/spring-security-web-4.0.2.RELEASE.jar:/home/jonasrodrigues/.m2/repository/aopalliance/aopalliance/1.0/aopalliance-1.0.jar:/home/jonasrodrigues/.m2/repository/org/springframework/security/spring-security-core/4.0.2.RELEASE/spring-security-core-4.0.2.RELEASE.jar:/home/jonasrodrigues/.m2/repository/org/springframework/security/spring-security-config/4.0.2.RELEASE/spring-security-config-4.0.2.RELEASE.jar:/home/jonasrodrigues/.m2/repository/org/hibernate/hibernate-validator/5.2.1.Final/hibernate-validator-5.2.1.Final.jar:/home/jonasrodrigues/.m2/repository/javax/validation/validation-api/1.1.0.Final/validation-api-1.1.0.Final.jar:/home/jonasrodrigues/.m2/repository/org/jboss/logging/jboss-logging/3.2.1.Final/jboss-logging-3.2.1.Final.jar:/home/jonasrodrigues/.m2/repository/com/fasterxml/classmate/1.1.0/classmate-1.1.0.jar:/home/jonasrodrigues/.m2/repository/org/springframework/data/spring-data-jpa/1.8.2.RELEASE/spring-data-jpa-1.8.2.RELEASE.jar:/home/jonasrodrigues/.m2/repository/org/springframework/data/spring-data-commons/1.10.2.RELEASE/spring-data-commons-1.10.2.RELEASE.jar:/home/jonasrodrigues/.m2/repository/org/springframework/spring-orm/4.0.9.RELEASE/spring-orm-4.0.9.RELEASE.jar:/home/jonasrodrigues/.m2/repository/org/springframework/spring-jdbc/4.0.9.RELEASE/spring-jdbc-4.0.9.RELEASE.jar:/home/jonasrodrigues/.m2/repository/org/springframework/spring-tx/4.0.9.RELEASE/spring-tx-4.0.9.RELEASE.jar:/home/jonasrodrigues/.m2/repository/org/aspectj/aspectjrt/1.8.6/aspectjrt-1.8.6.jar:/home/jonasrodrigues/.m2/repository/org/slf4j/slf4j-api/1.7.12/slf4j-api-1.7.12.jar:/home/jonasrodrigues/.m2/repository/org/slf4j/jcl-over-slf4j/1.7.12/jcl-over-slf4j-1.7.12.jar:/home/jonasrodrigues/.m2/repository/org/hibernate/hibernate-entitymanager/4.3.11.Final/hibernate-entitymanager-4.3.11.Final.jar:/home/jonasrodrigues/.m2/repository/org/jboss/logging/jboss-logging-annotations/1.2.0.Beta1/jboss-logging-annotations-1.2.0.Beta1.jar:/home/jonasrodrigues/.m2/repository/org/hibernate/hibernate-core/4.3.11.Final/hibernate-core-4.3.11.Final.jar:/home/jonasrodrigues/.m2/repository/antlr/antlr/2.7.7/antlr-2.7.7.jar:/home/jonasrodrigues/.m2/repository/org/jboss/jandex/1.1.0.Final/jandex-1.1.0.Final.jar:/home/jonasrodrigues/.m2/repository/dom4j/dom4j/1.6.1/dom4j-1.6.1.jar:/home/jonasrodrigues/.m2/repository/xml-apis/xml-apis/1.0.b2/xml-apis-1.0.b2.jar:/home/jonasrodrigues/.m2/repository/org/hibernate/common/hibernate-commons-annotations/4.0.5.Final/hibernate-commons-annotations-4.0.5.Final.jar:/home/jonasrodrigues/.m2/repository/org/hibernate/javax/persistence/hibernate-jpa-2.1-api/1.0.0.Final/hibernate-jpa-2.1-api-1.0.0.Final.jar:/home/jonasrodrigues/.m2/repository/org/jboss/spec/javax/transaction/jboss-transaction-api_1.2_spec/1.0.0.Final/jboss-transaction-api_1.2_spec-1.0.0.Final.jar:/home/jonasrodrigues/.m2/repository/org/javassist/javassist/3.18.1-GA/javassist-3.18.1-GA.jar:/home/jonasrodrigues/.m2/repository/mysql/mysql-connector-java/5.1.36/mysql-connector-java-5.1.36.jar:/home/jonasrodrigues/.m2/repository/commons-dbcp/commons-dbcp/1.4/commons-dbcp-1.4.jar:/home/jonasrodrigues/.m2/repository/commons-pool/commons-pool/1.5.4/commons-pool-1.5.4.jar:/home/jonasrodrigues/.m2/repository/javax/servlet/jstl/1.2/jstl-1.2.jar:/home/jonasrodrigues/.m2/repository/junit/junit/4.10/junit-4.10.jar:/home/jonasrodrigues/.m2/repository/org/hamcrest/hamcrest-core/1.1/hamcrest-core-1.1.jar:/home/jonasrodrigues/.m2/repository/org/mockito/mockito-core/1.9.5/mockito-core-1.9.5.jar:/home/jonasrodrigues/.m2/repository/org/objenesis/objenesis/1.0/objenesis-1.0.jar:/home/jonasrodrigues/.m2/repository/org/springframework/spring-test/3.2.3.RELEASE/spring-test-3.2.3.RELEASE.jar:/home/jonasrodrigues/.m2/repository/javax/servlet/javax.servlet-api/3.1.0/javax.servlet-api-3.1.0.jar:/home/jonasrodrigues/.m2/repository/ch/qos/logback/logback-classic/1.1.3/logback-classic-1.1.3.jar:/home/jonasrodrigues/.m2/repository/ch/qos/logback/logback-core/1.1.3/logback-core-1.1.3.jar:/home/jonasrodrigues/.m2/repository/org/hamcrest/hamcrest-all/1.3/hamcrest-all-1.3.jar:/home/jonasrodrigues/.m2/repository/commons-fileupload/commons-fileupload/1.3.1/commons-fileupload-1.3.1.jar:/home/jonasrodrigues/.m2/repository/net/spy/spymemcached/2.12.3/spymemcached-2.12.3.jar:/home/jonasrodrigues/.m2/repository/commons-io/commons-io/2.4/commons-io-2.4.jar:/home/jonasrodrigues/.m2/repository/org/springframework/amqp/spring-rabbit/1.7.1.RELEASE/spring-rabbit-1.7.1.RELEASE.jar:/home/jonasrodrigues/.m2/repository/org/springframework/spring-messaging/4.3.7.RELEASE/spring-messaging-4.3.7.RELEASE.jar:/home/jonasrodrigues/.m2/repository/org/springframework/amqp/spring-amqp/1.7.1.RELEASE/spring-amqp-1.7.1.RELEASE.jar:/home/jonasrodrigues/.m2/repository/com/rabbitmq/http-client/1.1.1.RELEASE/http-client-1.1.1.RELEASE.jar:/home/jonasrodrigues/.m2/repository/org/apache/httpcomponents/httpclient/4.3.6/httpclient-4.3.6.jar:/home/jonasrodrigues/.m2/repository/org/apache/httpcomponents/httpcore/4.3.3/httpcore-4.3.3.jar:/home/jonasrodrigues/.m2/repository/commons-codec/commons-codec/1.6/commons-codec-1.6.jar:/home/jonasrodrigues/.m2/repository/com/fasterxml/jackson/core/jackson-databind/2.8.4/jackson-databind-2.8.4.jar:/home/jonasrodrigues/.m2/repository/com/fasterxml/jackson/core/jackson-annotations/2.8.0/jackson-annotations-2.8.0.jar:/home/jonasrodrigues/.m2/repository/org/springframework/retry/spring-retry/1.2.0.RELEASE/spring-retry-1.2.0.RELEASE.jar:/home/jonasrodrigues/.m2/repository/com/rabbitmq/amqp-client/4.0.2/amqp-client-4.0.2.jar:/home/jonasrodrigues/.m2/repository/org/elasticsearch/elasticsearch/5.6.4/elasticsearch-5.6.4.jar:/home/jonasrodrigues/.m2/repository/org/apache/lucene/lucene-core/6.6.1/lucene-core-6.6.1.jar:/home/jonasrodrigues/.m2/repository/org/apache/lucene/lucene-analyzers-common/6.6.1/lucene-analyzers-common-6.6.1.jar:/home/jonasrodrigues/.m2/repository/org/apache/lucene/lucene-backward-codecs/6.6.1/lucene-backward-codecs-6.6.1.jar:/home/jonasrodrigues/.m2/repository/org/apache/lucene/lucene-grouping/6.6.1/lucene-grouping-6.6.1.jar:/home/jonasrodrigues/.m2/repository/org/apache/lucene/lucene-highlighter/6.6.1/lucene-highlighter-6.6.1.jar:/home/jonasrodrigues/.m2/repository/org/apache/lucene/lucene-join/6.6.1/lucene-join-6.6.1.jar:/home/jonasrodrigues/.m2/repository/org/apache/lucene/lucene-memory/6.6.1/lucene-memory-6.6.1.jar:/home/jonasrodrigues/.m2/repository/org/apache/lucene/lucene-misc/6.6.1/lucene-misc-6.6.1.jar:/home/jonasrodrigues/.m2/repository/org/apache/lucene/lucene-queries/6.6.1/lucene-queries-6.6.1.jar:/home/jonasrodrigues/.m2/repository/org/apache/lucene/lucene-queryparser/6.6.1/lucene-queryparser-6.6.1.jar:/home/jonasrodrigues/.m2/repository/org/apache/lucene/lucene-sandbox/6.6.1/lucene-sandbox-6.6.1.jar:/home/jonasrodrigues/.m2/repository/org/apache/lucene/lucene-spatial/6.6.1/lucene-spatial-6.6.1.jar:/home/jonasrodrigues/.m2/repository/org/apache/lucene/lucene-spatial-extras/6.6.1/lucene-spatial-extras-6.6.1.jar:/home/jonasrodrigues/.m2/repository/org/apache/lucene/lucene-spatial3d/6.6.1/lucene-spatial3d-6.6.1.jar:/home/jonasrodrigues/.m2/repository/org/apache/lucene/lucene-suggest/6.6.1/lucene-suggest-6.6.1.jar:/home/jonasrodrigues/.m2/repository/org/elasticsearch/securesm/1.1/securesm-1.1.jar:/home/jonasrodrigues/.m2/repository/net/sf/jopt-simple/jopt-simple/5.0.2/jopt-simple-5.0.2.jar:/home/jonasrodrigues/.m2/repository/com/carrotsearch/hppc/0.7.1/hppc-0.7.1.jar:/home/jonasrodrigues/.m2/repository/joda-time/joda-time/2.9.5/joda-time-2.9.5.jar:/home/jonasrodrigues/.m2/repository/org/yaml/snakeyaml/1.15/snakeyaml-1.15.jar:/home/jonasrodrigues/.m2/repository/com/fasterxml/jackson/core/jackson-core/2.8.6/jackson-core-2.8.6.jar:/home/jonasrodrigues/.m2/repository/com/fasterxml/jackson/dataformat/jackson-dataformat-smile/2.8.6/jackson-dataformat-smile-2.8.6.jar:/home/jonasrodrigues/.m2/repository/com/fasterxml/jackson/dataformat/jackson-dataformat-yaml/2.8.6/jackson-dataformat-yaml-2.8.6.jar:/home/jonasrodrigues/.m2/repository/com/fasterxml/jackson/dataformat/jackson-dataformat-cbor/2.8.6/jackson-dataformat-cbor-2.8.6.jar:/home/jonasrodrigues/.m2/repository/com/tdunning/t-digest/3.0/t-digest-3.0.jar:/home/jonasrodrigues/.m2/repository/org/hdrhistogram/HdrHistogram/2.1.9/HdrHistogram-2.1.9.jar:/home/jonasrodrigues/.m2/repository/org/apache/logging/log4j/log4j-api/2.9.1/log4j-api-2.9.1.jar:/home/jonasrodrigues/.m2/repository/org/elasticsearch/jna/4.4.0-1/jna-4.4.0-1.jar:/home/jonasrodrigues/.m2/repository/org/elasticsearch/client/transport/5.6.4/transport-5.6.4.jar:/home/jonasrodrigues/.m2/repository/org/elasticsearch/plugin/transport-netty3-client/5.6.4/transport-netty3-client-5.6.4.jar:/home/jonasrodrigues/.m2/repository/io/netty/netty/3.10.6.Final/netty-3.10.6.Final.jar:/home/jonasrodrigues/.m2/repository/org/elasticsearch/plugin/transport-netty4-client/5.6.4/transport-netty4-client-5.6.4.jar:/home/jonasrodrigues/.m2/repository/io/netty/netty-buffer/4.1.13.Final/netty-buffer-4.1.13.Final.jar:/home/jonasrodrigues/.m2/repository/io/netty/netty-codec/4.1.13.Final/netty-codec-4.1.13.Final.jar:/home/jonasrodrigues/.m2/repository/io/netty/netty-codec-http/4.1.13.Final/netty-codec-http-4.1.13.Final.jar:/home/jonasrodrigues/.m2/repository/io/netty/netty-common/4.1.13.Final/netty-common-4.1.13.Final.jar:/home/jonasrodrigues/.m2/repository/io/netty/netty-handler/4.1.13.Final/netty-handler-4.1.13.Final.jar:/home/jonasrodrigues/.m2/repository/io/netty/netty-resolver/4.1.13.Final/netty-resolver-4.1.13.Final.jar:/home/jonasrodrigues/.m2/repository/io/netty/netty-transport/4.1.13.Final/netty-transport-4.1.13.Final.jar:/home/jonasrodrigues/.m2/repository/org/elasticsearch/plugin/reindex-client/5.6.4/reindex-client-5.6.4.jar:/home/jonasrodrigues/.m2/repository/org/elasticsearch/client/elasticsearch-rest-client/5.6.4/elasticsearch-rest-client-5.6.4.jar:/home/jonasrodrigues/.m2/repository/org/apache/httpcomponents/httpasyncclient/4.1.2/httpasyncclient-4.1.2.jar:/home/jonasrodrigues/.m2/repository/org/apache/httpcomponents/httpcore-nio/4.4.5/httpcore-nio-4.4.5.jar:/home/jonasrodrigues/.m2/repository/org/elasticsearch/plugin/lang-mustache-client/5.6.4/lang-mustache-client-5.6.4.jar:/home/jonasrodrigues/.m2/repository/com/github/spullara/mustache/java/compiler/0.9.3/compiler-0.9.3.jar:/home/jonasrodrigues/.m2/repository/org/elasticsearch/plugin/percolator-client/5.6.4/percolator-client-5.6.4.jar:/home/jonasrodrigues/.m2/repository/org/elasticsearch/plugin/parent-join-client/5.6.4/parent-join-client-5.6.4.jar:/home/jonasrodrigues/.m2/repository/com/google/code/gson/gson/2.8.2/gson-2.8.2.jar:"/>
    <property name="sun.cpu.endian" value="little"/>
    <property name="user.home" value="/home/jonasrodrigues"/>
    <property name="user.language" value="pt"/>
    <property name="java.specification.vendor" value="Oracle Corporation"/>
    <property name="java.home" value="/usr/lib/jvm/java-8-openjdk-amd64/jre"/>
    <property name="basedir" value="/home/jonasrodrigues/repos/vprofile-project"/>
    <property name="file.separator" value="/"/>
    <property name="line.separator" value="&#10;"/>
    <property name="java.vm.specification.vendor" value="Oracle Corporation"/>
    <property name="java.specification.name" value="Java Platform API Specification"/>
    <property name="java.awt.graphicsenv" value="sun.awt.X11GraphicsEnvironment"/>
    <property name="surefire.real.class.path" value="/home/jonasrodrigues/repos/vprofile-project/target/surefire/surefirebooter1083178456474753836.jar:/home/jonasrodrigues/.m2/repository/org/jacoco/org.jacoco.agent/0.7.2.201409121644/org.jacoco.agent-0.7.2.201409121644-runtime.jar"/>
    <property name="sun.boot.class.path" value="/usr/lib/jvm/java-8-openjdk-amd64/jre/lib/resources.jar:/usr/lib/jvm/java-8-openjdk-amd64/jre/lib/rt.jar:/usr/lib/jvm/java-8-openjdk-amd64/jre/lib/sunrsasign.jar:/usr/lib/jvm/java-8-openjdk-amd64/jre/lib/jsse.jar:/usr/lib/jvm/java-8-openjdk-amd64/jre/lib/jce.jar:/usr/lib/jvm/java-8-openjdk-amd64/jre/lib/charsets.jar:/usr/lib/jvm/java-8-openjdk-amd64/jre/lib/jfr.jar:/usr/lib/jvm/java-8-openjdk-amd64/jre/classes"/>
    <property name="sun.management.compiler" value="HotSpot 64-Bit Tiered Compilers"/>
    <property name="java.runtime.version" value="1.8.0_352-8u352-ga-1~22.04-b08"/>
    <property name="user.name" value="jonasrodrigues"/>
    <property name="path.separator" value=":"/>
    <property name="os.version" value="6.0.12-76060006-generic"/>
    <property name="java.endorsed.dirs" value="/usr/lib/jvm/java-8-openjdk-amd64/jre/lib/endorsed"/>
    <property name="java.runtime.name" value="OpenJDK Runtime Environment"/>
    <property name="file.encoding" value="UTF-8"/>
    <property name="java.vm.name" value="OpenJDK 64-Bit Server VM"/>
    <property name="localRepository" value="/home/jonasrodrigues/.m2/repository"/>
    <property name="java.vendor.url.bug" value="http://bugreport.sun.com/bugreport/"/>
    <property name="java.io.tmpdir" value="/tmp"/>
    <property name="java.version" value="1.8.0_352"/>
    <property name="user.dir" value="/home/jonasrodrigues/repos/vprofile-project"/>
    <property name="os.arch" value="amd64"/>
    <property name="java.vm.specification.name" value="Java Virtual Machine Specification"/>
    <property name="java.awt.printerjob" value="sun.print.PSPrinterJob"/>
    <property name="sun.os.patch.level" value="unknown"/>
    <property name="java.library.path" value="/usr/java/packages/lib/amd64:/usr/lib/x86_64-linux-gnu/jni:/lib/x86_64-linux-gnu:/usr/lib/x86_64-linux-gnu:/usr/lib/jni:/lib:/usr/lib"/>
    <property name="java.vm.info" value="mixed mode"/>
    <property name="java.vendor" value="Private Build"/>
    <property name="java.vm.version" value="25.352-b08"/>
    <property name="java.specification.maintenance.version" value="4"/>
    <property name="java.ext.dirs" value="/usr/lib/jvm/java-8-openjdk-amd64/jre/lib/ext:/usr/java/packages/lib/ext"/>
    <property name="sun.io.unicode.encoding" value="UnicodeLittle"/>
    <property name="java.class.version" value="52.0"/>
  </properties>
  <testcase name="registrationTestforHappyFlow" classname="com.visualpathit.account.controllerTest.UserControllerTest" time="4.538">
    <system-out><![CDATA[10:41:57.633 [main] INFO  o.s.t.w.s.s.StandaloneMockMvcBuilder$StaticRequestMappingHandlerMapping#532 Mapped "{[/registration],methods=[POST]}" onto public final java.lang.String com.visualpathit.account.controller.UserController.registration(com.visualpathit.account.model.User,org.springframework.validation.BindingResult,org.springframework.ui.Model)
10:41:57.657 [main] INFO  o.s.t.w.s.s.StandaloneMockMvcBuilder$StaticRequestMappingHandlerMapping#532 Mapped "{[/registration],methods=[GET]}" onto public final java.lang.String com.visualpathit.account.controller.UserController.registration(org.springframework.ui.Model)
10:41:57.659 [main] INFO  o.s.t.w.s.s.StandaloneMockMvcBuilder$StaticRequestMappingHandlerMapping#532 Mapped "{[/login],methods=[GET]}" onto public final java.lang.String com.visualpathit.account.controller.UserController.login(org.springframework.ui.Model,java.lang.String,java.lang.String)
10:41:57.662 [main] INFO  o.s.t.w.s.s.StandaloneMockMvcBuilder$StaticRequestMappingHandlerMapping#532 Mapped "{[/ || /welcome],methods=[GET]}" onto public final java.lang.String com.visualpathit.account.controller.UserController.welcome(org.springframework.ui.Model)
10:41:57.663 [main] INFO  o.s.t.w.s.s.StandaloneMockMvcBuilder$StaticRequestMappingHandlerMapping#532 Mapped "{[/user/{username}],methods=[POST]}" onto public final java.lang.String com.visualpathit.account.controller.UserController.userUpdateProfile(java.lang.String,com.visualpathit.account.model.User,org.springframework.ui.Model)
10:41:57.665 [main] INFO  o.s.t.w.s.s.StandaloneMockMvcBuilder$StaticRequestMappingHandlerMapping#532 Mapped "{[/index],methods=[GET]}" onto public final java.lang.String com.visualpathit.account.controller.UserController.indexHome(org.springframework.ui.Model)
10:41:57.671 [main] INFO  o.s.t.w.s.s.StandaloneMockMvcBuilder$StaticRequestMappingHandlerMapping#532 Mapped "{[/users],methods=[GET]}" onto public java.lang.String com.visualpathit.account.controller.UserController.getAllUsers(org.springframework.ui.Model)
10:41:57.673 [main] INFO  o.s.t.w.s.s.StandaloneMockMvcBuilder$StaticRequestMappingHandlerMapping#532 Mapped "{[/users/{id}],methods=[GET]}" onto public java.lang.String com.visualpathit.account.controller.UserController.getOneUser(java.lang.String,org.springframework.ui.Model)
10:41:57.675 [main] INFO  o.s.t.w.s.s.StandaloneMockMvcBuilder$StaticRequestMappingHandlerMapping#532 Mapped "{[/user/{username}],methods=[GET]}" onto public final java.lang.String com.visualpathit.account.controller.UserController.userUpdate(java.lang.String,org.springframework.ui.Model)
10:41:57.677 [main] INFO  o.s.t.w.s.s.StandaloneMockMvcBuilder$StaticRequestMappingHandlerMapping#532 Mapped "{[/user/rabbit],methods=[GET]}" onto public java.lang.String com.visualpathit.account.controller.UserController.rabbitmqSetUp()
10:41:59.805 [main] INFO  o.s.w.s.m.m.a.RequestMappingHandlerAdapter#532 Looking for @ControllerAdvice: org.springframework.test.web.servlet.setup.StubWebApplicationContext@46268f08
10:41:59.987 [main] INFO  o.s.m.w.MockServletContext#390 Initializing Spring FrameworkServlet ''
10:41:59.987 [main] INFO  o.s.t.w.s.TestDispatcherServlet#488 FrameworkServlet '': initialization started
10:41:59.993 [main] INFO  o.s.t.w.s.TestDispatcherServlet#507 FrameworkServlet '': initialization completed in 5 ms
]]></system-out>
    <system-err><![CDATA[ERROR StatusLogger Log4j2 could not find a logging implementation. Please add log4j-core to the classpath. Using SimpleLogger to log to the console...
]]></system-err>
  </testcase>
  <testcase name="registrationTestforNullValueHappyFlow" classname="com.visualpathit.account.controllerTest.UserControllerTest" time="0.094">
    <system-out><![CDATA[10:42:00.190 [main] INFO  o.s.t.w.s.s.StandaloneMockMvcBuilder$StaticRequestMappingHandlerMapping#532 Mapped "{[/registration],methods=[POST]}" onto public final java.lang.String com.visualpathit.account.controller.UserController.registration(com.visualpathit.account.model.User,org.springframework.validation.BindingResult,org.springframework.ui.Model)
10:42:00.191 [main] INFO  o.s.t.w.s.s.StandaloneMockMvcBuilder$StaticRequestMappingHandlerMapping#532 Mapped "{[/registration],methods=[GET]}" onto public final java.lang.String com.visualpathit.account.controller.UserController.registration(org.springframework.ui.Model)
10:42:00.192 [main] INFO  o.s.t.w.s.s.StandaloneMockMvcBuilder$StaticRequestMappingHandlerMapping#532 Mapped "{[/login],methods=[GET]}" onto public final java.lang.String com.visualpathit.account.controller.UserController.login(org.springframework.ui.Model,java.lang.String,java.lang.String)
10:42:00.193 [main] INFO  o.s.t.w.s.s.StandaloneMockMvcBuilder$StaticRequestMappingHandlerMapping#532 Mapped "{[/ || /welcome],methods=[GET]}" onto public final java.lang.String com.visualpathit.account.controller.UserController.welcome(org.springframework.ui.Model)
10:42:00.194 [main] INFO  o.s.t.w.s.s.StandaloneMockMvcBuilder$StaticRequestMappingHandlerMapping#532 Mapped "{[/user/{username}],methods=[POST]}" onto public final java.lang.String com.visualpathit.account.controller.UserController.userUpdateProfile(java.lang.String,com.visualpathit.account.model.User,org.springframework.ui.Model)
10:42:00.195 [main] INFO  o.s.t.w.s.s.StandaloneMockMvcBuilder$StaticRequestMappingHandlerMapping#532 Mapped "{[/index],methods=[GET]}" onto public final java.lang.String com.visualpathit.account.controller.UserController.indexHome(org.springframework.ui.Model)
10:42:00.196 [main] INFO  o.s.t.w.s.s.StandaloneMockMvcBuilder$StaticRequestMappingHandlerMapping#532 Mapped "{[/users],methods=[GET]}" onto public java.lang.String com.visualpathit.account.controller.UserController.getAllUsers(org.springframework.ui.Model)
10:42:00.198 [main] INFO  o.s.t.w.s.s.StandaloneMockMvcBuilder$StaticRequestMappingHandlerMapping#532 Mapped "{[/users/{id}],methods=[GET]}" onto public java.lang.String com.visualpathit.account.controller.UserController.getOneUser(java.lang.String,org.springframework.ui.Model)
10:42:00.199 [main] INFO  o.s.t.w.s.s.StandaloneMockMvcBuilder$StaticRequestMappingHandlerMapping#532 Mapped "{[/user/{username}],methods=[GET]}" onto public final java.lang.String com.visualpathit.account.controller.UserController.userUpdate(java.lang.String,org.springframework.ui.Model)
10:42:00.200 [main] INFO  o.s.t.w.s.s.StandaloneMockMvcBuilder$StaticRequestMappingHandlerMapping#532 Mapped "{[/user/rabbit],methods=[GET]}" onto public java.lang.String com.visualpathit.account.controller.UserController.rabbitmqSetUp()
10:42:00.245 [main] INFO  o.s.w.s.m.m.a.RequestMappingHandlerAdapter#532 Looking for @ControllerAdvice: org.springframework.test.web.servlet.setup.StubWebApplicationContext@69aa7d76
10:42:00.260 [main] INFO  o.s.m.w.MockServletContext#390 Initializing Spring FrameworkServlet ''
10:42:00.261 [main] INFO  o.s.t.w.s.TestDispatcherServlet#488 FrameworkServlet '': initialization started
10:42:00.262 [main] INFO  o.s.t.w.s.TestDispatcherServlet#507 FrameworkServlet '': initialization completed in 1 ms
]]></system-out>
  </testcase>
  <testcase name="loginTestHappyFlow" classname="com.visualpathit.account.controllerTest.UserControllerTest" time="0.162">
    <system-out><![CDATA[10:42:00.283 [main] INFO  o.s.t.w.s.s.StandaloneMockMvcBuilder$StaticRequestMappingHandlerMapping#532 Mapped "{[/registration],methods=[POST]}" onto public final java.lang.String com.visualpathit.account.controller.UserController.registration(com.visualpathit.account.model.User,org.springframework.validation.BindingResult,org.springframework.ui.Model)
10:42:00.284 [main] INFO  o.s.t.w.s.s.StandaloneMockMvcBuilder$StaticRequestMappingHandlerMapping#532 Mapped "{[/registration],methods=[GET]}" onto public final java.lang.String com.visualpathit.account.controller.UserController.registration(org.springframework.ui.Model)
10:42:00.285 [main] INFO  o.s.t.w.s.s.StandaloneMockMvcBuilder$StaticRequestMappingHandlerMapping#532 Mapped "{[/login],methods=[GET]}" onto public final java.lang.String com.visualpathit.account.controller.UserController.login(org.springframework.ui.Model,java.lang.String,java.lang.String)
10:42:00.285 [main] INFO  o.s.t.w.s.s.StandaloneMockMvcBuilder$StaticRequestMappingHandlerMapping#532 Mapped "{[/ || /welcome],methods=[GET]}" onto public final java.lang.String com.visualpathit.account.controller.UserController.welcome(org.springframework.ui.Model)
10:42:00.286 [main] INFO  o.s.t.w.s.s.StandaloneMockMvcBuilder$StaticRequestMappingHandlerMapping#532 Mapped "{[/user/{username}],methods=[POST]}" onto public final java.lang.String com.visualpathit.account.controller.UserController.userUpdateProfile(java.lang.String,com.visualpathit.account.model.User,org.springframework.ui.Model)
10:42:00.289 [main] INFO  o.s.t.w.s.s.StandaloneMockMvcBuilder$StaticRequestMappingHandlerMapping#532 Mapped "{[/index],methods=[GET]}" onto public final java.lang.String com.visualpathit.account.controller.UserController.indexHome(org.springframework.ui.Model)
10:42:00.291 [main] INFO  o.s.t.w.s.s.StandaloneMockMvcBuilder$StaticRequestMappingHandlerMapping#532 Mapped "{[/users],methods=[GET]}" onto public java.lang.String com.visualpathit.account.controller.UserController.getAllUsers(org.springframework.ui.Model)
10:42:00.293 [main] INFO  o.s.t.w.s.s.StandaloneMockMvcBuilder$StaticRequestMappingHandlerMapping#532 Mapped "{[/users/{id}],methods=[GET]}" onto public java.lang.String com.visualpathit.account.controller.UserController.getOneUser(java.lang.String,org.springframework.ui.Model)
10:42:00.294 [main] INFO  o.s.t.w.s.s.StandaloneMockMvcBuilder$StaticRequestMappingHandlerMapping#532 Mapped "{[/user/{username}],methods=[GET]}" onto public final java.lang.String com.visualpathit.account.controller.UserController.userUpdate(java.lang.String,org.springframework.ui.Model)
10:42:00.297 [main] INFO  o.s.t.w.s.s.StandaloneMockMvcBuilder$StaticRequestMappingHandlerMapping#532 Mapped "{[/user/rabbit],methods=[GET]}" onto public java.lang.String com.visualpathit.account.controller.UserController.rabbitmqSetUp()
10:42:00.337 [main] INFO  o.s.w.s.m.m.a.RequestMappingHandlerAdapter#532 Looking for @ControllerAdvice: org.springframework.test.web.servlet.setup.StubWebApplicationContext@4dc7cd1c
10:42:00.353 [main] INFO  o.s.m.w.MockServletContext#390 Initializing Spring FrameworkServlet ''
10:42:00.353 [main] INFO  o.s.t.w.s.TestDispatcherServlet#488 FrameworkServlet '': initialization started
10:42:00.354 [main] INFO  o.s.t.w.s.TestDispatcherServlet#507 FrameworkServlet '': initialization completed in 0 ms
Model data{}
]]></system-out>
  </testcase>
  <testcase name="welcomeTestHappyFlow" classname="com.visualpathit.account.controllerTest.UserControllerTest" time="0.075">
    <system-out><![CDATA[10:42:00.434 [main] INFO  o.s.t.w.s.s.StandaloneMockMvcBuilder$StaticRequestMappingHandlerMapping#532 Mapped "{[/registration],methods=[POST]}" onto public final java.lang.String com.visualpathit.account.controller.UserController.registration(com.visualpathit.account.model.User,org.springframework.validation.BindingResult,org.springframework.ui.Model)
10:42:00.435 [main] INFO  o.s.t.w.s.s.StandaloneMockMvcBuilder$StaticRequestMappingHandlerMapping#532 Mapped "{[/registration],methods=[GET]}" onto public final java.lang.String com.visualpathit.account.controller.UserController.registration(org.springframework.ui.Model)
10:42:00.439 [main] INFO  o.s.t.w.s.s.StandaloneMockMvcBuilder$StaticRequestMappingHandlerMapping#532 Mapped "{[/login],methods=[GET]}" onto public final java.lang.String com.visualpathit.account.controller.UserController.login(org.springframework.ui.Model,java.lang.String,java.lang.String)
10:42:00.440 [main] INFO  o.s.t.w.s.s.StandaloneMockMvcBuilder$StaticRequestMappingHandlerMapping#532 Mapped "{[/ || /welcome],methods=[GET]}" onto public final java.lang.String com.visualpathit.account.controller.UserController.welcome(org.springframework.ui.Model)
10:42:00.441 [main] INFO  o.s.t.w.s.s.StandaloneMockMvcBuilder$StaticRequestMappingHandlerMapping#532 Mapped "{[/user/{username}],methods=[POST]}" onto public final java.lang.String com.visualpathit.account.controller.UserController.userUpdateProfile(java.lang.String,com.visualpathit.account.model.User,org.springframework.ui.Model)
10:42:00.442 [main] INFO  o.s.t.w.s.s.StandaloneMockMvcBuilder$StaticRequestMappingHandlerMapping#532 Mapped "{[/index],methods=[GET]}" onto public final java.lang.String com.visualpathit.account.controller.UserController.indexHome(org.springframework.ui.Model)
10:42:00.447 [main] INFO  o.s.t.w.s.s.StandaloneMockMvcBuilder$StaticRequestMappingHandlerMapping#532 Mapped "{[/users],methods=[GET]}" onto public java.lang.String com.visualpathit.account.controller.UserController.getAllUsers(org.springframework.ui.Model)
10:42:00.448 [main] INFO  o.s.t.w.s.s.StandaloneMockMvcBuilder$StaticRequestMappingHandlerMapping#532 Mapped "{[/users/{id}],methods=[GET]}" onto public java.lang.String com.visualpathit.account.controller.UserController.getOneUser(java.lang.String,org.springframework.ui.Model)
10:42:00.449 [main] INFO  o.s.t.w.s.s.StandaloneMockMvcBuilder$StaticRequestMappingHandlerMapping#532 Mapped "{[/user/{username}],methods=[GET]}" onto public final java.lang.String com.visualpathit.account.controller.UserController.userUpdate(java.lang.String,org.springframework.ui.Model)
10:42:00.450 [main] INFO  o.s.t.w.s.s.StandaloneMockMvcBuilder$StaticRequestMappingHandlerMapping#532 Mapped "{[/user/rabbit],methods=[GET]}" onto public java.lang.String com.visualpathit.account.controller.UserController.rabbitmqSetUp()
10:42:00.494 [main] INFO  o.s.w.s.m.m.a.RequestMappingHandlerAdapter#532 Looking for @ControllerAdvice: org.springframework.test.web.servlet.setup.StubWebApplicationContext@7793ad58
10:42:00.506 [main] INFO  o.s.m.w.MockServletContext#390 Initializing Spring FrameworkServlet ''
10:42:00.506 [main] INFO  o.s.t.w.s.TestDispatcherServlet#488 FrameworkServlet '': initialization started
10:42:00.507 [main] INFO  o.s.t.w.s.TestDispatcherServlet#507 FrameworkServlet '': initialization completed in 0 ms
]]></system-out>
  </testcase>
  <testcase name="welcomeAfterDirectLoginTestHappyFlow" classname="com.visualpathit.account.controllerTest.UserControllerTest" time="0.091">
    <system-out><![CDATA[10:42:00.522 [main] INFO  o.s.t.w.s.s.StandaloneMockMvcBuilder$StaticRequestMappingHandlerMapping#532 Mapped "{[/registration],methods=[POST]}" onto public final java.lang.String com.visualpathit.account.controller.UserController.registration(com.visualpathit.account.model.User,org.springframework.validation.BindingResult,org.springframework.ui.Model)
10:42:00.523 [main] INFO  o.s.t.w.s.s.StandaloneMockMvcBuilder$StaticRequestMappingHandlerMapping#532 Mapped "{[/registration],methods=[GET]}" onto public final java.lang.String com.visualpathit.account.controller.UserController.registration(org.springframework.ui.Model)
10:42:00.529 [main] INFO  o.s.t.w.s.s.StandaloneMockMvcBuilder$StaticRequestMappingHandlerMapping#532 Mapped "{[/login],methods=[GET]}" onto public final java.lang.String com.visualpathit.account.controller.UserController.login(org.springframework.ui.Model,java.lang.String,java.lang.String)
10:42:00.530 [main] INFO  o.s.t.w.s.s.StandaloneMockMvcBuilder$StaticRequestMappingHandlerMapping#532 Mapped "{[/ || /welcome],methods=[GET]}" onto public final java.lang.String com.visualpathit.account.controller.UserController.welcome(org.springframework.ui.Model)
10:42:00.531 [main] INFO  o.s.t.w.s.s.StandaloneMockMvcBuilder$StaticRequestMappingHandlerMapping#532 Mapped "{[/user/{username}],methods=[POST]}" onto public final java.lang.String com.visualpathit.account.controller.UserController.userUpdateProfile(java.lang.String,com.visualpathit.account.model.User,org.springframework.ui.Model)
10:42:00.532 [main] INFO  o.s.t.w.s.s.StandaloneMockMvcBuilder$StaticRequestMappingHandlerMapping#532 Mapped "{[/index],methods=[GET]}" onto public final java.lang.String com.visualpathit.account.controller.UserController.indexHome(org.springframework.ui.Model)
10:42:00.534 [main] INFO  o.s.t.w.s.s.StandaloneMockMvcBuilder$StaticRequestMappingHandlerMapping#532 Mapped "{[/users],methods=[GET]}" onto public java.lang.String com.visualpathit.account.controller.UserController.getAllUsers(org.springframework.ui.Model)
10:42:00.535 [main] INFO  o.s.t.w.s.s.StandaloneMockMvcBuilder$StaticRequestMappingHandlerMapping#532 Mapped "{[/users/{id}],methods=[GET]}" onto public java.lang.String com.visualpathit.account.controller.UserController.getOneUser(java.lang.String,org.springframework.ui.Model)
10:42:00.536 [main] INFO  o.s.t.w.s.s.StandaloneMockMvcBuilder$StaticRequestMappingHandlerMapping#532 Mapped "{[/user/{username}],methods=[GET]}" onto public final java.lang.String com.visualpathit.account.controller.UserController.userUpdate(java.lang.String,org.springframework.ui.Model)
10:42:00.537 [main] INFO  o.s.t.w.s.s.StandaloneMockMvcBuilder$StaticRequestMappingHandlerMapping#532 Mapped "{[/user/rabbit],methods=[GET]}" onto public java.lang.String com.visualpathit.account.controller.UserController.rabbitmqSetUp()
10:42:00.575 [main] INFO  o.s.w.s.m.m.a.RequestMappingHandlerAdapter#532 Looking for @ControllerAdvice: org.springframework.test.web.servlet.setup.StubWebApplicationContext@7f323b3a
10:42:00.585 [main] INFO  o.s.m.w.MockServletContext#390 Initializing Spring FrameworkServlet ''
10:42:00.587 [main] INFO  o.s.t.w.s.TestDispatcherServlet#488 FrameworkServlet '': initialization started
10:42:00.588 [main] INFO  o.s.t.w.s.TestDispatcherServlet#507 FrameworkServlet '': initialization completed in 0 ms
]]></system-out>
  </testcase>
  <testcase name="indexTestHappyFlow" classname="com.visualpathit.account.controllerTest.UserControllerTest" time="0.106">
    <system-out><![CDATA[10:42:00.621 [main] INFO  o.s.t.w.s.s.StandaloneMockMvcBuilder$StaticRequestMappingHandlerMapping#532 Mapped "{[/registration],methods=[POST]}" onto public final java.lang.String com.visualpathit.account.controller.UserController.registration(com.visualpathit.account.model.User,org.springframework.validation.BindingResult,org.springframework.ui.Model)
10:42:00.622 [main] INFO  o.s.t.w.s.s.StandaloneMockMvcBuilder$StaticRequestMappingHandlerMapping#532 Mapped "{[/registration],methods=[GET]}" onto public final java.lang.String com.visualpathit.account.controller.UserController.registration(org.springframework.ui.Model)
10:42:00.623 [main] INFO  o.s.t.w.s.s.StandaloneMockMvcBuilder$StaticRequestMappingHandlerMapping#532 Mapped "{[/login],methods=[GET]}" onto public final java.lang.String com.visualpathit.account.controller.UserController.login(org.springframework.ui.Model,java.lang.String,java.lang.String)
10:42:00.623 [main] INFO  o.s.t.w.s.s.StandaloneMockMvcBuilder$StaticRequestMappingHandlerMapping#532 Mapped "{[/ || /welcome],methods=[GET]}" onto public final java.lang.String com.visualpathit.account.controller.UserController.welcome(org.springframework.ui.Model)
10:42:00.624 [main] INFO  o.s.t.w.s.s.StandaloneMockMvcBuilder$StaticRequestMappingHandlerMapping#532 Mapped "{[/user/{username}],methods=[POST]}" onto public final java.lang.String com.visualpathit.account.controller.UserController.userUpdateProfile(java.lang.String,com.visualpathit.account.model.User,org.springframework.ui.Model)
10:42:00.624 [main] INFO  o.s.t.w.s.s.StandaloneMockMvcBuilder$StaticRequestMappingHandlerMapping#532 Mapped "{[/index],methods=[GET]}" onto public final java.lang.String com.visualpathit.account.controller.UserController.indexHome(org.springframework.ui.Model)
10:42:00.625 [main] INFO  o.s.t.w.s.s.StandaloneMockMvcBuilder$StaticRequestMappingHandlerMapping#532 Mapped "{[/users],methods=[GET]}" onto public java.lang.String com.visualpathit.account.controller.UserController.getAllUsers(org.springframework.ui.Model)
10:42:00.625 [main] INFO  o.s.t.w.s.s.StandaloneMockMvcBuilder$StaticRequestMappingHandlerMapping#532 Mapped "{[/users/{id}],methods=[GET]}" onto public java.lang.String com.visualpathit.account.controller.UserController.getOneUser(java.lang.String,org.springframework.ui.Model)
10:42:00.626 [main] INFO  o.s.t.w.s.s.StandaloneMockMvcBuilder$StaticRequestMappingHandlerMapping#532 Mapped "{[/user/{username}],methods=[GET]}" onto public final java.lang.String com.visualpathit.account.controller.UserController.userUpdate(java.lang.String,org.springframework.ui.Model)
10:42:00.627 [main] INFO  o.s.t.w.s.s.StandaloneMockMvcBuilder$StaticRequestMappingHandlerMapping#532 Mapped "{[/user/rabbit],methods=[GET]}" onto public java.lang.String com.visualpathit.account.controller.UserController.rabbitmqSetUp()
10:42:00.680 [main] INFO  o.s.w.s.m.m.a.RequestMappingHandlerAdapter#532 Looking for @ControllerAdvice: org.springframework.test.web.servlet.setup.StubWebApplicationContext@839df62
10:42:00.699 [main] INFO  o.s.m.w.MockServletContext#390 Initializing Spring FrameworkServlet ''
10:42:00.700 [main] INFO  o.s.t.w.s.TestDispatcherServlet#488 FrameworkServlet '': initialization started
10:42:00.701 [main] INFO  o.s.t.w.s.TestDispatcherServlet#507 FrameworkServlet '': initialization completed in 0 ms
]]></system-out>
  </testcase>
</testsuite>